2025-03-16 19:02:49.911 [info] Extension host with pid 3205 started
2025-03-16 19:02:50.308 [info] ExtensionService#_doActivateExtension vscode.git-base, startup: true, activationEvent: '*', root cause: vscode.git
2025-03-16 19:02:50.467 [info] ExtensionService#_doActivateExtension vscode.git, startup: true, activationEvent: '*'
2025-03-16 19:02:50.704 [info] ExtensionService#_doActivateExtension vscode.github, startup: true, activationEvent: '*'
2025-03-16 19:02:51.100 [info] Eager extensions activated
2025-03-16 19:02:51.306 [info] ExtensionService#_doActivateExtension vscode.debug-auto-launch, startup: false, activationEvent: 'onStartupFinished'
2025-03-16 19:02:51.322 [info] ExtensionService#_doActivateExtension vscode.merge-conflict, startup: false, activationEvent: 'onStartupFinished'
2025-03-16 19:04:19.690 [info] ExtensionService#_doActivateExtension vscode.emmet, startup: false, activationEvent: 'onLanguage'
2025-03-16 19:07:45.106 [info] Extension host terminating: renderer closed the MessagePort
2025-03-16 19:07:45.132 [info] Extension host with pid 3205 exiting with code 0
2025-03-16 19:07:47.756 [info] Extension host with pid 3931 started
2025-03-16 19:07:47.756 [info] Skipping acquiring lock for /home/bezrukavnikov/.config/Code/User/workspaceStorage/770ebdc95c52e382197c7e8ddaedbf8f.
2025-03-16 19:07:48.030 [info] ExtensionService#_doActivateExtension vscode.git-base, startup: true, activationEvent: '*'
2025-03-16 19:07:48.149 [info] ExtensionService#_doActivateExtension vscode.github, startup: true, activationEvent: '*'
2025-03-16 19:07:48.341 [info] Eager extensions activated
2025-03-16 19:07:48.485 [info] ExtensionService#_doActivateExtension vscode.debug-auto-launch, startup: false, activationEvent: 'onStartupFinished'
2025-03-16 19:07:48.488 [info] ExtensionService#_doActivateExtension vscode.merge-conflict, startup: false, activationEvent: 'onStartupFinished'
2025-03-16 19:07:50.567 [info] ExtensionService#_doActivateExtension vscode.git, startup: false, activationEvent: 'api', root cause: vscode.github
2025-03-16 19:07:52.247 [info] ExtensionService#_doActivateExtension vscode.emmet, startup: false, activationEvent: 'onLanguage'
2025-03-16 22:31:22.595 [info] ExtensionService#_doActivateExtension vscode.npm, startup: false, activationEvent: 'onTerminalQuickFixRequest:ms-vscode.npm-command'
