2025-04-12 22:02:24.358 [info] [main] Log level: Info
2025-04-12 22:02:24.358 [info] [main] Validating found git in: "git"
2025-04-12 22:02:24.358 [info] [main] Using git "2.39.5" from "git"
2025-04-12 22:02:24.358 [info] [Model][doInitialScan] Initial repository scan started
2025-04-12 22:02:24.358 [info] > git rev-parse --show-toplevel [70ms]
2025-04-12 22:02:24.358 [info] fatal: not a git repository (or any of the parent directories): .git
2025-04-12 22:02:24.361 [info] > git rev-parse --show-toplevel [10ms]
2025-04-12 22:02:24.362 [info] fatal: not a git repository (or any of the parent directories): .git
2025-04-12 22:02:24.368 [info] [Model][doInitialScan] Initial repository scan completed - repositories (0), closed repositories (0), parent repositories (0), unsafe repositories (0)
2025-04-12 22:02:24.803 [info] > git rev-parse --show-toplevel [4ms]
2025-04-12 22:02:24.803 [info] fatal: not a git repository (or any of the parent directories): .git
2025-04-12 22:02:24.938 [info] > git rev-parse --show-toplevel [4ms]
2025-04-12 22:02:24.938 [info] fatal: not a git repository (or any of the parent directories): .git
2025-04-12 22:02:25.128 [info] > git rev-parse --show-toplevel [3ms]
2025-04-12 22:02:25.128 [info] fatal: not a git repository (or any of the parent directories): .git
2025-04-12 22:02:25.246 [info] > git rev-parse --show-toplevel [9ms]
2025-04-12 22:02:25.246 [info] fatal: not a git repository (or any of the parent directories): .git
2025-04-12 22:02:27.266 [info] > git rev-parse --show-toplevel [11ms]
2025-04-12 22:02:27.266 [info] fatal: not a git repository (or any of the parent directories): .git
2025-04-12 22:02:31.994 [info] > git rev-parse --show-toplevel [5ms]
2025-04-12 22:02:31.994 [info] fatal: not a git repository (or any of the parent directories): .git
2025-04-12 22:02:34.585 [info] > git rev-parse --show-toplevel [5ms]
2025-04-12 22:02:34.586 [info] fatal: not a git repository (or any of the parent directories): .git
2025-04-12 22:02:39.661 [info] > git rev-parse --show-toplevel [4ms]
2025-04-12 22:02:39.661 [info] fatal: not a git repository (or any of the parent directories): .git
2025-04-12 22:03:16.211 [info] > git rev-parse --show-toplevel [5ms]
2025-04-12 22:03:16.211 [info] fatal: not a git repository (or any of the parent directories): .git
2025-04-12 22:04:58.293 [info] > git rev-parse --show-toplevel [5ms]
2025-04-12 22:04:58.293 [info] fatal: not a git repository (or any of the parent directories): .git
2025-04-12 22:08:56.465 [info] > git rev-parse --show-toplevel [6ms]
2025-04-12 22:08:56.465 [info] fatal: not a git repository (or any of the parent directories): .git
2025-04-12 22:13:24.177 [info] > git rev-parse --show-toplevel [5ms]
2025-04-12 22:13:24.177 [info] fatal: not a git repository (or any of the parent directories): .git
2025-04-12 22:13:24.911 [info] > git rev-parse --show-toplevel [4ms]
2025-04-12 22:13:24.911 [info] fatal: not a git repository (or any of the parent directories): .git
2025-04-12 22:13:27.585 [info] > git rev-parse --show-toplevel [4ms]
2025-04-12 22:13:27.585 [info] fatal: not a git repository (or any of the parent directories): .git
2025-04-12 22:13:27.942 [info] > git rev-parse --show-toplevel [3ms]
2025-04-12 22:13:27.942 [info] fatal: not a git repository (or any of the parent directories): .git
2025-04-12 22:21:46.127 [info] > git rev-parse --show-toplevel [8ms]
2025-04-12 22:21:46.128 [info] fatal: not a git repository (or any of the parent directories): .git
2025-04-12 22:26:38.012 [info] > git rev-parse --show-toplevel [2ms]
2025-04-12 22:26:38.012 [info] fatal: not a git repository (or any of the parent directories): .git
2025-04-12 22:26:40.565 [info] > git rev-parse --show-toplevel [6ms]
2025-04-12 22:26:40.565 [info] fatal: not a git repository (or any of the parent directories): .git
2025-04-12 22:48:43.712 [info] > git rev-parse --show-toplevel [3ms]
2025-04-12 22:48:43.712 [info] fatal: not a git repository (or any of the parent directories): .git
2025-05-02 17:50:18.442 [info] > git rev-parse --show-toplevel [12ms]
2025-05-02 17:50:18.443 [info] fatal: not a git repository (or any of the parent directories): .git
2025-05-02 17:50:18.815 [info] > git rev-parse --show-toplevel [8ms]
2025-05-02 17:50:18.816 [info] fatal: not a git repository (or any of the parent directories): .git
2025-05-02 17:52:20.691 [info] > git rev-parse --show-toplevel [3ms]
2025-05-02 17:52:20.691 [info] fatal: not a git repository (or any of the parent directories): .git
2025-05-02 17:54:04.035 [info] [main] Log level: Info
2025-05-02 17:54:04.035 [info] [main] Validating found git in: "git"
2025-05-02 17:54:04.035 [info] [main] Using git "2.39.5" from "git"
2025-05-02 17:54:04.035 [info] [Model][doInitialScan] Initial repository scan started
2025-05-02 17:54:04.035 [info] > git rev-parse --show-toplevel [13ms]
2025-05-02 17:54:04.035 [info] fatal: not a git repository (or any of the parent directories): .git
2025-05-02 17:54:04.035 [info] [Model][doInitialScan] Initial repository scan completed - repositories (0), closed repositories (0), parent repositories (0), unsafe repositories (0)
2025-05-02 17:54:04.354 [info] > git rev-parse --show-toplevel [3ms]
2025-05-02 17:54:04.354 [info] fatal: not a git repository (or any of the parent directories): .git
2025-05-02 17:54:04.424 [info] > git rev-parse --show-toplevel [4ms]
2025-05-02 17:54:04.424 [info] fatal: not a git repository (or any of the parent directories): .git
2025-05-02 17:54:04.750 [info] > git rev-parse --show-toplevel [10ms]
2025-05-02 17:54:04.750 [info] fatal: not a git repository (or any of the parent directories): .git
2025-05-02 17:54:49.717 [info] > git rev-parse --show-toplevel [7ms]
2025-05-02 17:54:49.717 [info] fatal: not a git repository (or any of the parent directories): .git
2025-05-02 17:55:00.567 [info] > git rev-parse --show-toplevel [4ms]
2025-05-02 17:55:00.567 [info] fatal: not a git repository (or any of the parent directories): .git
2025-05-02 17:56:01.840 [info] > git rev-parse --show-toplevel [4ms]
2025-05-02 17:56:01.840 [info] fatal: not a git repository (or any of the parent directories): .git
2025-05-19 08:41:03.472 [info] [main] Log level: Info
2025-05-19 08:41:03.472 [info] [main] Validating found git in: "git"
2025-05-19 08:41:03.472 [info] [main] Using git "2.39.5" from "git"
2025-05-19 08:41:03.472 [info] [Model][doInitialScan] Initial repository scan started
2025-05-19 08:41:03.472 [info] > git rev-parse --show-toplevel [53ms]
2025-05-19 08:41:03.472 [info] fatal: not a git repository (or any of the parent directories): .git
2025-05-19 08:41:03.472 [info] [Model][doInitialScan] Initial repository scan completed - repositories (0), closed repositories (0), parent repositories (0), unsafe repositories (0)
2025-05-19 08:41:03.594 [info] > git rev-parse --show-toplevel [21ms]
2025-05-19 08:41:03.595 [info] fatal: not a git repository (or any of the parent directories): .git
2025-05-19 08:41:03.672 [info] > git rev-parse --show-toplevel [3ms]
2025-05-19 08:41:03.672 [info] fatal: not a git repository (or any of the parent directories): .git
2025-05-19 08:41:04.171 [info] > git rev-parse --show-toplevel [5ms]
2025-05-19 08:41:04.171 [info] fatal: not a git repository (or any of the parent directories): .git
2025-05-19 08:41:27.712 [info] > git rev-parse --show-toplevel [4ms]
2025-05-19 08:41:27.712 [info] fatal: not a git repository (or any of the parent directories): .git
2025-05-19 08:44:47.668 [info] > git rev-parse --show-toplevel [8ms]
2025-05-19 08:44:47.668 [info] fatal: not a git repository (or any of the parent directories): .git
2025-05-19 08:45:37.627 [info] > git rev-parse --show-toplevel [6ms]
2025-05-19 08:45:37.627 [info] fatal: not a git repository (or any of the parent directories): .git
2025-05-19 09:22:36.425 [info] > git rev-parse --show-toplevel [9ms]
2025-05-19 09:22:36.425 [info] fatal: not a git repository (or any of the parent directories): .git
2025-05-19 09:23:03.615 [info] > git rev-parse --show-toplevel [6ms]
2025-05-19 09:23:03.615 [info] fatal: not a git repository (or any of the parent directories): .git
2025-05-19 09:23:52.052 [info] > git rev-parse --show-toplevel [4ms]
2025-05-19 09:23:52.053 [info] fatal: not a git repository (or any of the parent directories): .git
2025-05-19 09:27:03.321 [info] > git rev-parse --show-toplevel [7ms]
2025-05-19 09:27:03.321 [info] fatal: not a git repository (or any of the parent directories): .git
2025-05-19 10:43:02.183 [info] > git rev-parse --show-toplevel [5ms]
2025-05-19 10:43:02.184 [info] fatal: not a git repository (or any of the parent directories): .git
2025-05-19 10:43:10.427 [info] > git rev-parse --show-toplevel [7ms]
2025-05-19 10:43:10.427 [info] fatal: not a git repository (or any of the parent directories): .git
2025-05-19 10:48:17.257 [info] > git rev-parse --show-toplevel [3ms]
2025-05-19 10:48:17.257 [info] fatal: not a git repository (or any of the parent directories): .git
2025-05-19 10:48:18.874 [info] > git rev-parse --show-toplevel [4ms]
2025-05-19 10:48:18.874 [info] fatal: not a git repository (or any of the parent directories): .git
2025-05-19 10:48:19.262 [info] > git rev-parse --show-toplevel [7ms]
2025-05-19 10:48:19.262 [info] fatal: not a git repository (or any of the parent directories): .git
2025-05-19 10:48:20.421 [info] > git rev-parse --show-toplevel [2ms]
2025-05-19 10:48:20.421 [info] fatal: not a git repository (or any of the parent directories): .git
2025-05-19 10:48:25.013 [info] > git rev-parse --show-toplevel [2ms]
2025-05-19 10:48:25.013 [info] fatal: not a git repository (or any of the parent directories): .git
2025-05-19 10:48:25.831 [info] > git rev-parse --show-toplevel [1ms]
2025-05-19 10:48:25.831 [info] fatal: not a git repository (or any of the parent directories): .git
2025-05-19 10:48:27.111 [info] > git rev-parse --show-toplevel [5ms]
2025-05-19 10:48:27.111 [info] fatal: not a git repository (or any of the parent directories): .git
2025-05-19 11:01:17.118 [info] > git rev-parse --show-toplevel [10ms]
2025-05-19 11:01:17.118 [info] fatal: not a git repository (or any of the parent directories): .git
2025-05-19 11:47:22.403 [info] > git rev-parse --show-toplevel [34ms]
2025-05-19 11:47:22.403 [info] fatal: not a git repository (or any of the parent directories): .git
2025-05-19 12:02:43.828 [info] > git rev-parse --show-toplevel [12ms]
2025-05-19 12:02:43.828 [info] fatal: not a git repository (or any of the parent directories): .git
2025-05-19 12:09:15.037 [info] > git rev-parse --show-toplevel [7ms]
2025-05-19 12:09:15.037 [info] fatal: not a git repository (or any of the parent directories): .git
2025-05-19 12:09:19.125 [info] > git rev-parse --show-toplevel [5ms]
2025-05-19 12:09:19.125 [info] fatal: not a git repository (or any of the parent directories): .git
2025-05-19 12:09:37.368 [info] > git rev-parse --show-toplevel [16ms]
2025-05-19 12:09:37.368 [info] fatal: not a git repository (or any of the parent directories): .git
2025-05-19 12:09:37.830 [info] > git rev-parse --show-toplevel [13ms]
2025-05-19 12:09:37.831 [info] fatal: not a git repository (or any of the parent directories): .git
2025-05-19 12:09:40.549 [info] > git rev-parse --show-toplevel [7ms]
2025-05-19 12:09:40.549 [info] fatal: not a git repository (or any of the parent directories): .git
2025-05-19 12:13:21.941 [info] > git rev-parse --show-toplevel [23ms]
2025-05-19 12:13:21.941 [info] fatal: not a git repository (or any of the parent directories): .git
2025-05-19 12:13:25.938 [info] > git rev-parse --show-toplevel [9ms]
2025-05-19 12:13:25.939 [info] fatal: not a git repository (or any of the parent directories): .git
2025-05-19 12:13:27.361 [info] > git rev-parse --show-toplevel [11ms]
2025-05-19 12:13:27.362 [info] fatal: not a git repository (or any of the parent directories): .git
2025-05-19 12:13:32.926 [info] > git rev-parse --show-toplevel [17ms]
2025-05-19 12:13:32.927 [info] fatal: not a git repository (or any of the parent directories): .git
2025-05-19 12:14:11.651 [info] > git rev-parse --show-toplevel [10ms]
2025-05-19 12:14:11.652 [info] fatal: not a git repository (or any of the parent directories): .git
2025-05-19 12:15:12.878 [info] > git rev-parse --show-toplevel [6ms]
2025-05-19 12:15:12.878 [info] fatal: not a git repository (or any of the parent directories): .git
2025-05-19 12:15:23.933 [info] > git rev-parse --show-toplevel [16ms]
2025-05-19 12:15:23.933 [info] fatal: not a git repository (or any of the parent directories): .git
2025-05-19 12:15:29.083 [info] > git rev-parse --show-toplevel [10ms]
2025-05-19 12:15:29.083 [info] fatal: not a git repository (or any of the parent directories): .git
2025-05-19 12:15:32.605 [info] > git rev-parse --show-toplevel [13ms]
2025-05-19 12:15:32.605 [info] fatal: not a git repository (or any of the parent directories): .git
2025-05-19 12:15:42.039 [info] > git rev-parse --show-toplevel [18ms]
2025-05-19 12:15:42.039 [info] fatal: not a git repository (or any of the parent directories): .git
2025-05-19 12:15:55.273 [info] > git rev-parse --show-toplevel [9ms]
2025-05-19 12:15:55.273 [info] fatal: not a git repository (or any of the parent directories): .git
2025-05-19 12:16:11.626 [info] > git rev-parse --show-toplevel [12ms]
2025-05-19 12:16:11.626 [info] fatal: not a git repository (or any of the parent directories): .git
2025-05-19 12:16:22.515 [info] > git rev-parse --show-toplevel [7ms]
2025-05-19 12:16:22.516 [info] fatal: not a git repository (or any of the parent directories): .git
2025-05-19 12:16:57.342 [info] > git rev-parse --show-toplevel [8ms]
2025-05-19 12:16:57.342 [info] fatal: not a git repository (or any of the parent directories): .git
2025-05-19 12:17:03.550 [info] > git rev-parse --show-toplevel [8ms]
2025-05-19 12:17:03.551 [info] fatal: not a git repository (or any of the parent directories): .git
2025-05-19 12:17:12.745 [info] > git rev-parse --show-toplevel [8ms]
2025-05-19 12:17:12.745 [info] fatal: not a git repository (or any of the parent directories): .git
2025-05-19 12:17:14.333 [info] > git rev-parse --show-toplevel [28ms]
2025-05-19 12:17:14.333 [info] fatal: not a git repository (or any of the parent directories): .git
2025-05-19 12:17:15.695 [info] > git rev-parse --show-toplevel [7ms]
2025-05-19 12:17:15.696 [info] fatal: not a git repository (or any of the parent directories): .git
2025-05-19 17:44:17.610 [info] > git rev-parse --show-toplevel [8ms]
2025-05-19 17:44:17.610 [info] fatal: not a git repository (or any of the parent directories): .git
2025-05-19 17:44:25.761 [info] > git rev-parse --show-toplevel [3ms]
2025-05-19 17:44:25.761 [info] fatal: not a git repository (or any of the parent directories): .git
2025-05-19 17:44:38.270 [info] > git rev-parse --show-toplevel [3ms]
2025-05-19 17:44:38.270 [info] fatal: not a git repository (or any of the parent directories): .git
2025-05-19 17:44:40.128 [info] > git rev-parse --show-toplevel [16ms]
2025-05-19 17:44:40.128 [info] fatal: not a git repository (or any of the parent directories): .git
