2025-03-16 19:02:48.796 [info] Started initializing default profile extensions in extensions installation folder. file:///home/bezrukavnikov/.vscode/extensions
2025-03-16 19:02:49.330 [info] Completed initializing default profile extensions in extensions installation folder. file:///home/bezrukavnikov/.vscode/extensions
2025-03-16 19:02:49.432 [error] [uncaught exception in sharedProcess]: Error: ENOENT: no such file or directory, stat '/home/bezrukavnikov/.vscode/extensions/extensions.json.vsctmp': EntryNotFound (FileSystemError): Error: ENOENT: no such file or directory, stat '/home/bezrukavnikov/.vscode/extensions/extensions.json.vsctmp'
    at hm.create (file:///usr/share/code/resources/app/out/vs/code/electron-utility/sharedProcess/sharedProcessMain.js:35:39254)
    at Es (file:///usr/share/code/resources/app/out/vs/code/electron-utility/sharedProcess/sharedProcessMain.js:35:39361)
    at Fr.ib (file:///usr/share/code/resources/app/out/vs/code/electron-utility/sharedProcess/sharedProcessMain.js:71:22677)
    at Fr.stat (file:///usr/share/code/resources/app/out/vs/code/electron-utility/sharedProcess/sharedProcessMain.js:71:16010)
    at async Zl.stat (file:///usr/share/code/resources/app/out/vs/code/electron-utility/sharedProcess/sharedProcessMain.js:70:84491)
    at async Jl.yb (file:///usr/share/code/resources/app/out/vs/code/electron-utility/sharedProcess/sharedProcessMain.js:70:66605)
2025-03-17 08:12:19.459 [error] [network] #108: https://az764295.vo.msecnd.net/extensions/marketplace.json - error GET net::ERR_NAME_NOT_RESOLVED
2025-03-17 08:15:57.441 [error] [network] #109: https://mobile.events.data.microsoft.com/OneCollector/1.0?cors=true&content-type=application/x-json-stream - error POST net::ERR_NAME_NOT_RESOLVED
2025-03-17 08:16:12.807 [error] [network] #110: https://mobile.events.data.microsoft.com/OneCollector/1.0?cors=true&content-type=application/x-json-stream - error POST net::ERR_NAME_NOT_RESOLVED
2025-03-17 08:16:37.376 [error] [network] #111: https://mobile.events.data.microsoft.com/OneCollector/1.0?cors=true&content-type=application/x-json-stream - error POST net::ERR_NAME_NOT_RESOLVED
2025-03-17 08:16:37.376 [error] [network] #112: https://mobile.events.data.microsoft.com/OneCollector/1.0?cors=true&content-type=application/x-json-stream - error POST net::ERR_NAME_NOT_RESOLVED
2025-03-17 08:16:55.812 [error] [network] #113: https://mobile.events.data.microsoft.com/OneCollector/1.0?cors=true&content-type=application/x-json-stream - error POST net::ERR_NAME_NOT_RESOLVED
2025-03-17 08:16:55.813 [error] [network] #114: https://mobile.events.data.microsoft.com/OneCollector/1.0?cors=true&content-type=application/x-json-stream - error POST net::ERR_NAME_NOT_RESOLVED
2025-03-17 08:17:08.097 [error] [network] #115: https://mobile.events.data.microsoft.com/OneCollector/1.0?cors=true&content-type=application/x-json-stream - error POST net::ERR_NAME_NOT_RESOLVED
2025-03-17 08:17:23.460 [error] [network] #116: https://mobile.events.data.microsoft.com/OneCollector/1.0?cors=true&content-type=application/x-json-stream - error POST net::ERR_NAME_NOT_RESOLVED
2025-03-17 08:17:32.672 [error] [network] #117: https://az764295.vo.msecnd.net/extensions/marketplace.json - error GET net::ERR_NAME_NOT_RESOLVED
2025-03-17 08:18:53.019 [error] [network] #118: https://mobile.events.data.microsoft.com/OneCollector/1.0?cors=true&content-type=application/x-json-stream - error POST net::ERR_NAME_NOT_RESOLVED
2025-03-17 08:19:11.435 [error] [network] #119: https://mobile.events.data.microsoft.com/OneCollector/1.0?cors=true&content-type=application/x-json-stream - error POST net::ERR_NAME_NOT_RESOLVED
