2025-04-12 22:02:22.058 [info] Extension host with pid 15248 started
2025-04-12 22:02:22.058 [info] Skipping acquiring lock for /home/bezrukavnikov/.config/Code/User/workspaceStorage/770ebdc95c52e382197c7e8ddaedbf8f.
2025-04-12 22:02:22.650 [info] ExtensionService#_doActivateExtension vscode.emmet, startup: false, activationEvent: 'onLanguage'
2025-04-12 22:02:23.469 [info] ExtensionService#_doActivateExtension vscode.git-base, startup: true, activationEvent: '*', root cause: vscode.git
2025-04-12 22:02:23.607 [info] ExtensionService#_doActivateExtension vscode.git, startup: true, activationEvent: '*'
2025-04-12 22:02:23.759 [info] ExtensionService#_doActivateExtension vscode.github, startup: true, activationEvent: '*'
2025-04-12 22:02:24.132 [info] Eager extensions activated
2025-04-12 22:02:24.267 [info] ExtensionService#_doActivateExtension vscode.debug-auto-launch, startup: false, activationEvent: 'onStartupFinished'
2025-04-12 22:02:24.274 [info] ExtensionService#_doActivateExtension vscode.merge-conflict, startup: false, activationEvent: 'onStartupFinished'
2025-05-02 17:54:00.914 [info] Extension host terminating: renderer closed the MessagePort
2025-05-02 17:54:00.978 [info] Extension host with pid 15248 exiting with code 0
2025-05-02 17:54:03.509 [info] Extension host with pid 20390 started
2025-05-02 17:54:03.509 [info] Skipping acquiring lock for /home/bezrukavnikov/.config/Code/User/workspaceStorage/4772361fda8f11b425377b17ada79025.
2025-05-02 17:54:03.577 [info] ExtensionService#_doActivateExtension vscode.git-base, startup: true, activationEvent: '*', root cause: vscode.git
2025-05-02 17:54:03.591 [info] ExtensionService#_doActivateExtension vscode.git, startup: true, activationEvent: '*'
2025-05-02 17:54:03.759 [info] ExtensionService#_doActivateExtension vscode.github, startup: true, activationEvent: '*'
2025-05-02 17:54:04.011 [info] Eager extensions activated
2025-05-02 17:54:04.073 [info] ExtensionService#_doActivateExtension vscode.debug-auto-launch, startup: false, activationEvent: 'onStartupFinished'
2025-05-02 17:54:04.083 [info] ExtensionService#_doActivateExtension vscode.merge-conflict, startup: false, activationEvent: 'onStartupFinished'
2025-05-02 17:54:49.779 [info] ExtensionService#_doActivateExtension vscode.emmet, startup: false, activationEvent: 'onLanguage'
2025-05-02 17:55:54.452 [info] ExtensionService#_doActivateExtension vscode.npm, startup: false, activationEvent: 'onTerminalQuickFixRequest:ms-vscode.npm-command'
2025-05-02 18:19:14.977 [info] ExtensionService#_doActivateExtension ms-vscode.js-debug, startup: false, activationEvent: 'onDebugInitialConfigurations'
2025-05-02 18:19:16.579 [info] ExtensionService#_doActivateExtension vscode.debug-server-ready, startup: false, activationEvent: 'onDebugResolve'
2025-05-19 08:41:00.522 [info] Extension host terminating: renderer closed the MessagePort
2025-05-19 08:41:00.579 [info] Extension host with pid 20390 exiting with code 0
2025-05-19 08:41:02.916 [info] Extension host with pid 27780 started
2025-05-19 08:41:02.917 [info] Skipping acquiring lock for /home/bezrukavnikov/.config/Code/User/workspaceStorage/ae06f3df87854752b31feb10dba85c8a.
2025-05-19 08:41:02.964 [info] ExtensionService#_doActivateExtension vscode.git-base, startup: true, activationEvent: '*', root cause: vscode.git
2025-05-19 08:41:02.986 [info] ExtensionService#_doActivateExtension vscode.git, startup: true, activationEvent: '*'
2025-05-19 08:41:03.105 [info] ExtensionService#_doActivateExtension vscode.github, startup: true, activationEvent: '*'
2025-05-19 08:41:03.352 [info] Eager extensions activated
2025-05-19 08:41:03.407 [info] ExtensionService#_doActivateExtension vscode.debug-auto-launch, startup: false, activationEvent: 'onStartupFinished'
2025-05-19 08:41:03.415 [info] ExtensionService#_doActivateExtension vscode.merge-conflict, startup: false, activationEvent: 'onStartupFinished'
2025-05-19 08:41:27.673 [info] ExtensionService#_doActivateExtension vscode.emmet, startup: false, activationEvent: 'onLanguage'
2025-05-19 11:02:07.641 [info] ExtensionService#_doActivateExtension vscode.npm, startup: false, activationEvent: 'onTerminalQuickFixRequest:ms-vscode.npm-command'
2025-05-19 12:17:13.132 [info] ExtensionService#_doActivateExtension vscode.configuration-editing, startup: false, activationEvent: 'onLanguage:jsonc'
2025-05-19 12:17:13.181 [info] ExtensionService#_doActivateExtension vscode.json-language-features, startup: false, activationEvent: 'onLanguage:jsonc'
2025-05-19 12:17:13.445 [info] ExtensionService#_doActivateExtension vscode.typescript-language-features, startup: false, activationEvent: 'onLanguage:jsonc'
