2025-04-12 22:02:19.952 [info] Started local extension host with pid 15248.
2025-04-12 22:02:25.369 [info] [perf] Render performance baseline is 30ms
2025-04-12 22:02:26.091 [warning] Failed to fetch chat participant registry Could not get extensions report.
2025-04-12 22:07:26.105 [warning] Failed to fetch chat participant registry Could not get extensions report.
2025-04-12 22:12:26.120 [warning] Failed to fetch chat participant registry Could not get extensions report.
2025-04-12 22:17:26.151 [warning] Failed to fetch chat participant registry Could not get extensions report.
2025-04-12 22:22:26.166 [warning] Failed to fetch chat participant registry Could not get extensions report.
2025-04-12 22:27:26.196 [warning] Failed to fetch chat participant registry Could not get extensions report.
2025-04-12 22:32:26.209 [warning] Failed to fetch chat participant registry Could not get extensions report.
2025-04-12 22:37:26.246 [warning] Failed to fetch chat participant registry Could not get extensions report.
2025-04-12 22:42:26.279 [warning] Failed to fetch chat participant registry Could not get extensions report.
2025-04-12 22:47:26.320 [warning] Failed to fetch chat participant registry Could not get extensions report.
2025-04-12 22:52:26.360 [warning] Failed to fetch chat participant registry Could not get extensions report.
2025-04-12 22:57:26.393 [warning] Failed to fetch chat participant registry Could not get extensions report.
2025-04-12 23:02:28.038 [warning] Failed to fetch chat participant registry Could not get extensions report.
2025-04-12 23:07:28.081 [warning] Failed to fetch chat participant registry Could not get extensions report.
2025-04-12 23:12:28.110 [warning] Failed to fetch chat participant registry Could not get extensions report.
2025-04-12 23:17:28.143 [warning] Failed to fetch chat participant registry Could not get extensions report.
2025-04-12 23:22:28.191 [warning] Failed to fetch chat participant registry Could not get extensions report.
2025-04-12 23:27:28.228 [warning] Failed to fetch chat participant registry Could not get extensions report.
2025-04-12 23:32:28.265 [warning] Failed to fetch chat participant registry Could not get extensions report.
2025-04-12 23:37:28.303 [warning] Failed to fetch chat participant registry Could not get extensions report.
2025-04-12 23:42:28.332 [warning] Failed to fetch chat participant registry Could not get extensions report.
2025-04-13 11:04:40.623 [error] [network] #26: https://az764295.vo.msecnd.net/extensions/chat.json - error GET Failed to fetch
2025-04-13 11:04:40.623 [warning] Failed to fetch chat participant registry Failed to fetch
2025-05-02 17:49:22.818 [error] [network] #27: https://az764295.vo.msecnd.net/extensions/chat.json - error GET Failed to fetch
2025-05-02 17:49:22.871 [warning] Failed to fetch chat participant registry Failed to fetch
2025-05-02 17:54:02.354 [info] Started local extension host with pid 20390.
2025-05-02 17:54:05.319 [info] [perf] Render performance baseline is 24ms
2025-05-02 17:54:06.312 [error] [network] #1: https://az764295.vo.msecnd.net/extensions/chat.json - error GET Failed to fetch
2025-05-02 17:54:06.313 [warning] Failed to fetch chat participant registry Failed to fetch
2025-05-02 17:59:07.815 [error] [network] #4: https://az764295.vo.msecnd.net/extensions/chat.json - error GET Failed to fetch
2025-05-02 17:59:07.816 [warning] Failed to fetch chat participant registry Failed to fetch
2025-05-02 18:04:09.431 [error] [network] #5: https://az764295.vo.msecnd.net/extensions/chat.json - error GET Failed to fetch
2025-05-02 18:04:09.473 [warning] Failed to fetch chat participant registry Failed to fetch
2025-05-02 18:09:11.568 [error] [network] #6: https://az764295.vo.msecnd.net/extensions/chat.json - error GET Failed to fetch
2025-05-02 18:09:11.612 [warning] Failed to fetch chat participant registry Failed to fetch
2025-05-02 18:14:12.813 [error] [network] #7: https://az764295.vo.msecnd.net/extensions/chat.json - error GET Failed to fetch
2025-05-02 18:14:12.836 [warning] Failed to fetch chat participant registry Failed to fetch
2025-05-02 18:19:14.689 [error] [network] #8: https://az764295.vo.msecnd.net/extensions/chat.json - error GET Failed to fetch
2025-05-02 18:19:14.690 [warning] Failed to fetch chat participant registry Failed to fetch
2025-05-02 18:24:16.177 [error] [network] #9: https://az764295.vo.msecnd.net/extensions/chat.json - error GET Failed to fetch
2025-05-02 18:24:16.179 [warning] Failed to fetch chat participant registry Failed to fetch
2025-05-02 18:29:18.832 [error] [network] #10: https://az764295.vo.msecnd.net/extensions/chat.json - error GET Failed to fetch
2025-05-02 18:29:18.833 [warning] Failed to fetch chat participant registry Failed to fetch
2025-05-02 18:34:20.332 [error] [network] #11: https://az764295.vo.msecnd.net/extensions/chat.json - error GET Failed to fetch
2025-05-02 18:34:20.333 [warning] Failed to fetch chat participant registry Failed to fetch
2025-05-02 18:39:22.390 [error] [network] #12: https://az764295.vo.msecnd.net/extensions/chat.json - error GET Failed to fetch
2025-05-02 18:39:22.413 [warning] Failed to fetch chat participant registry Failed to fetch
2025-05-02 18:44:23.740 [error] [network] #13: https://az764295.vo.msecnd.net/extensions/chat.json - error GET Failed to fetch
2025-05-02 18:44:23.763 [warning] Failed to fetch chat participant registry Failed to fetch
2025-05-02 18:49:25.377 [error] [network] #14: https://az764295.vo.msecnd.net/extensions/chat.json - error GET Failed to fetch
2025-05-02 18:49:25.399 [warning] Failed to fetch chat participant registry Failed to fetch
2025-05-02 18:54:27.028 [error] [network] #15: https://az764295.vo.msecnd.net/extensions/chat.json - error GET Failed to fetch
2025-05-02 18:54:27.052 [warning] Failed to fetch chat participant registry Failed to fetch
2025-05-02 18:59:28.473 [error] [network] #16: https://az764295.vo.msecnd.net/extensions/chat.json - error GET Failed to fetch
2025-05-02 18:59:28.497 [warning] Failed to fetch chat participant registry Failed to fetch
2025-05-02 19:04:29.954 [error] [network] #17: https://az764295.vo.msecnd.net/extensions/chat.json - error GET Failed to fetch
2025-05-02 19:04:29.986 [warning] Failed to fetch chat participant registry Failed to fetch
2025-05-02 19:09:31.198 [error] [network] #18: https://az764295.vo.msecnd.net/extensions/chat.json - error GET Failed to fetch
2025-05-02 19:09:31.229 [warning] Failed to fetch chat participant registry Failed to fetch
2025-05-02 19:14:32.537 [error] [network] #19: https://az764295.vo.msecnd.net/extensions/chat.json - error GET Failed to fetch
2025-05-02 19:14:32.562 [warning] Failed to fetch chat participant registry Failed to fetch
2025-05-02 19:19:34.183 [error] [network] #20: https://az764295.vo.msecnd.net/extensions/chat.json - error GET Failed to fetch
2025-05-02 19:19:34.206 [warning] Failed to fetch chat participant registry Failed to fetch
2025-05-02 19:24:35.436 [error] [network] #21: https://az764295.vo.msecnd.net/extensions/chat.json - error GET Failed to fetch
2025-05-02 19:24:35.459 [warning] Failed to fetch chat participant registry Failed to fetch
2025-05-02 19:29:38.108 [error] [network] #22: https://az764295.vo.msecnd.net/extensions/chat.json - error GET Failed to fetch
2025-05-02 19:29:38.133 [warning] Failed to fetch chat participant registry Failed to fetch
2025-05-02 19:34:39.482 [error] [network] #23: https://az764295.vo.msecnd.net/extensions/chat.json - error GET Failed to fetch
2025-05-02 19:34:39.506 [warning] Failed to fetch chat participant registry Failed to fetch
2025-05-02 19:39:41.093 [error] [network] #24: https://az764295.vo.msecnd.net/extensions/chat.json - error GET Failed to fetch
2025-05-02 19:39:41.116 [warning] Failed to fetch chat participant registry Failed to fetch
2025-05-02 19:44:43.716 [error] [network] #25: https://az764295.vo.msecnd.net/extensions/chat.json - error GET Failed to fetch
2025-05-02 19:44:43.740 [warning] Failed to fetch chat participant registry Failed to fetch
2025-05-02 19:49:45.147 [error] [network] #26: https://az764295.vo.msecnd.net/extensions/chat.json - error GET Failed to fetch
2025-05-02 19:49:45.169 [warning] Failed to fetch chat participant registry Failed to fetch
2025-05-02 19:54:46.689 [error] [network] #27: https://az764295.vo.msecnd.net/extensions/chat.json - error GET Failed to fetch
2025-05-02 19:54:46.711 [warning] Failed to fetch chat participant registry Failed to fetch
2025-05-19 08:41:01.753 [info] Started local extension host with pid 27780.
2025-05-19 08:41:04.733 [info] [perf] Render performance baseline is 24ms
2025-05-19 08:41:05.343 [error] [network] #1: https://az764295.vo.msecnd.net/extensions/chat.json - error GET Failed to fetch
2025-05-19 08:41:05.344 [warning] Failed to fetch chat participant registry Failed to fetch
2025-05-19 08:46:06.811 [error] [network] #3: https://az764295.vo.msecnd.net/extensions/chat.json - error GET Failed to fetch
2025-05-19 08:46:06.834 [warning] Failed to fetch chat participant registry Failed to fetch
2025-05-19 08:51:08.492 [error] [network] #4: https://az764295.vo.msecnd.net/extensions/chat.json - error GET Failed to fetch
2025-05-19 08:51:08.514 [warning] Failed to fetch chat participant registry Failed to fetch
2025-05-19 08:56:09.232 [error] [network] #5: https://az764295.vo.msecnd.net/extensions/chat.json - error GET Failed to fetch
2025-05-19 08:56:09.264 [warning] Failed to fetch chat participant registry Failed to fetch
2025-05-19 09:01:10.234 [error] [network] #6: https://az764295.vo.msecnd.net/extensions/chat.json - error GET Failed to fetch
2025-05-19 09:01:10.267 [warning] Failed to fetch chat participant registry Failed to fetch
2025-05-19 09:06:12.389 [error] [network] #7: https://az764295.vo.msecnd.net/extensions/chat.json - error GET Failed to fetch
2025-05-19 09:06:12.417 [warning] Failed to fetch chat participant registry Failed to fetch
2025-05-19 09:11:13.564 [error] [network] #8: https://az764295.vo.msecnd.net/extensions/chat.json - error GET Failed to fetch
2025-05-19 09:11:13.595 [warning] Failed to fetch chat participant registry Failed to fetch
2025-05-19 09:16:15.891 [error] [network] #9: https://az764295.vo.msecnd.net/extensions/chat.json - error GET Failed to fetch
2025-05-19 09:16:15.914 [warning] Failed to fetch chat participant registry Failed to fetch
2025-05-19 09:21:17.481 [error] [network] #10: https://az764295.vo.msecnd.net/extensions/chat.json - error GET Failed to fetch
2025-05-19 09:21:17.512 [warning] Failed to fetch chat participant registry Failed to fetch
2025-05-19 09:26:18.081 [error] [network] #11: https://az764295.vo.msecnd.net/extensions/chat.json - error GET Failed to fetch
2025-05-19 09:26:18.105 [warning] Failed to fetch chat participant registry Failed to fetch
2025-05-19 09:31:19.541 [error] [network] #12: https://az764295.vo.msecnd.net/extensions/chat.json - error GET Failed to fetch
2025-05-19 09:31:19.569 [warning] Failed to fetch chat participant registry Failed to fetch
2025-05-19 10:42:50.230 [error] [network] #13: https://az764295.vo.msecnd.net/extensions/chat.json - error GET Failed to fetch
2025-05-19 10:42:50.274 [warning] Failed to fetch chat participant registry Failed to fetch
2025-05-19 10:47:50.783 [error] [network] #14: https://az764295.vo.msecnd.net/extensions/chat.json - error GET Failed to fetch
2025-05-19 10:47:50.812 [warning] Failed to fetch chat participant registry Failed to fetch
2025-05-19 10:52:52.453 [error] [network] #15: https://az764295.vo.msecnd.net/extensions/chat.json - error GET Failed to fetch
2025-05-19 10:52:52.484 [warning] Failed to fetch chat participant registry Failed to fetch
2025-05-19 10:57:52.687 [error] [network] #16: https://az764295.vo.msecnd.net/extensions/chat.json - error GET Failed to fetch
2025-05-19 10:57:52.709 [warning] Failed to fetch chat participant registry Failed to fetch
2025-05-19 11:02:53.827 [error] [network] #17: https://az764295.vo.msecnd.net/extensions/chat.json - error GET Failed to fetch
2025-05-19 11:02:53.850 [warning] Failed to fetch chat participant registry Failed to fetch
2025-05-19 11:07:55.081 [error] [network] #18: https://az764295.vo.msecnd.net/extensions/chat.json - error GET Failed to fetch
2025-05-19 11:07:55.105 [warning] Failed to fetch chat participant registry Failed to fetch
2025-05-19 11:12:55.742 [error] [network] #19: https://az764295.vo.msecnd.net/extensions/chat.json - error GET Failed to fetch
2025-05-19 11:12:55.796 [warning] Failed to fetch chat participant registry Failed to fetch
2025-05-19 11:17:56.218 [error] [network] #20: https://az764295.vo.msecnd.net/extensions/chat.json - error GET Failed to fetch
2025-05-19 11:17:56.272 [warning] Failed to fetch chat participant registry Failed to fetch
2025-05-19 11:22:57.332 [error] [network] #21: https://az764295.vo.msecnd.net/extensions/chat.json - error GET Failed to fetch
2025-05-19 11:22:57.388 [warning] Failed to fetch chat participant registry Failed to fetch
2025-05-19 11:27:57.713 [error] [network] #22: https://az764295.vo.msecnd.net/extensions/chat.json - error GET Failed to fetch
2025-05-19 11:27:57.783 [warning] Failed to fetch chat participant registry Failed to fetch
2025-05-19 11:33:00.010 [error] [network] #23: https://az764295.vo.msecnd.net/extensions/chat.json - error GET Failed to fetch
2025-05-19 11:33:00.063 [warning] Failed to fetch chat participant registry Failed to fetch
2025-05-19 11:38:00.487 [error] [network] #24: https://az764295.vo.msecnd.net/extensions/chat.json - error GET Failed to fetch
2025-05-19 11:38:00.537 [warning] Failed to fetch chat participant registry Failed to fetch
2025-05-19 11:43:01.277 [error] [network] #25: https://az764295.vo.msecnd.net/extensions/chat.json - error GET Failed to fetch
2025-05-19 11:43:01.328 [warning] Failed to fetch chat participant registry Failed to fetch
2025-05-19 11:48:02.450 [error] [network] #26: https://az764295.vo.msecnd.net/extensions/chat.json - error GET Failed to fetch
2025-05-19 11:48:02.451 [warning] Failed to fetch chat participant registry Failed to fetch
2025-05-19 11:53:03.084 [error] [network] #27: https://az764295.vo.msecnd.net/extensions/chat.json - error GET Failed to fetch
2025-05-19 11:53:03.141 [warning] Failed to fetch chat participant registry Failed to fetch
2025-05-19 11:58:03.510 [error] [network] #28: https://az764295.vo.msecnd.net/extensions/chat.json - error GET Failed to fetch
2025-05-19 11:58:03.565 [warning] Failed to fetch chat participant registry Failed to fetch
2025-05-19 12:03:03.721 [error] [network] #29: https://az764295.vo.msecnd.net/extensions/chat.json - error GET Failed to fetch
2025-05-19 12:03:03.722 [warning] Failed to fetch chat participant registry Failed to fetch
2025-05-19 12:08:05.397 [error] [network] #30: https://az764295.vo.msecnd.net/extensions/chat.json - error GET Failed to fetch
2025-05-19 12:08:05.450 [warning] Failed to fetch chat participant registry Failed to fetch
2025-05-19 12:09:33.560 [error] Error: The editor could not be opened because the file was not found.
    at Nbe.gc (vscode-file://vscode-app/usr/share/code/resources/app/out/vs/workbench/workbench.desktop.main.js:2101:32266)
    at async Nbe.setInput (vscode-file://vscode-app/usr/share/code/resources/app/out/vs/workbench/workbench.desktop.main.js:2101:31424)
    at async j8e.U (vscode-file://vscode-app/usr/share/code/resources/app/out/vs/workbench/workbench.desktop.main.js:663:100849)
    at async j8e.M (vscode-file://vscode-app/usr/share/code/resources/app/out/vs/workbench/workbench.desktop.main.js:663:99400)
    at async j8e.openEditor (vscode-file://vscode-app/usr/share/code/resources/app/out/vs/workbench/workbench.desktop.main.js:663:98482)
    at async vscode-file://vscode-app/usr/share/code/resources/app/out/vs/workbench/workbench.desktop.main.js:775:23622
    at async hA.replaceEditors (vscode-file://vscode-app/usr/share/code/resources/app/out/vs/workbench/workbench.desktop.main.js:775:29783)
    at async Tbe.gb (vscode-file://vscode-app/usr/share/code/resources/app/out/vs/workbench/workbench.desktop.main.js:2101:19502)
    at async Object.run (vscode-file://vscode-app/usr/share/code/resources/app/out/vs/workbench/workbench.desktop.main.js:661:81840)
2025-05-19 12:13:06.332 [error] [network] #31: https://az764295.vo.msecnd.net/extensions/chat.json - error GET Failed to fetch
2025-05-19 12:13:06.388 [warning] Failed to fetch chat participant registry Failed to fetch
2025-05-19 12:14:08.718 [error] Error: The editor could not be opened because the file was not found.
    at Nbe.gc (vscode-file://vscode-app/usr/share/code/resources/app/out/vs/workbench/workbench.desktop.main.js:2101:32266)
    at async Nbe.setInput (vscode-file://vscode-app/usr/share/code/resources/app/out/vs/workbench/workbench.desktop.main.js:2101:31424)
    at async j8e.U (vscode-file://vscode-app/usr/share/code/resources/app/out/vs/workbench/workbench.desktop.main.js:663:100849)
    at async j8e.M (vscode-file://vscode-app/usr/share/code/resources/app/out/vs/workbench/workbench.desktop.main.js:663:99400)
    at async j8e.openEditor (vscode-file://vscode-app/usr/share/code/resources/app/out/vs/workbench/workbench.desktop.main.js:663:98482)
    at async vscode-file://vscode-app/usr/share/code/resources/app/out/vs/workbench/workbench.desktop.main.js:775:23622
    at async hA.replaceEditors (vscode-file://vscode-app/usr/share/code/resources/app/out/vs/workbench/workbench.desktop.main.js:775:29783)
    at async Tbe.gb (vscode-file://vscode-app/usr/share/code/resources/app/out/vs/workbench/workbench.desktop.main.js:2101:19502)
    at async Object.run (vscode-file://vscode-app/usr/share/code/resources/app/out/vs/workbench/workbench.desktop.main.js:661:81840)
2025-05-19 12:16:11.727 [error] Unable to read file '/home/bezrukavnikov/Documents/prog/5lab/shared_file1.txt' (Error: File not modified since): Error: Unable to read file '/home/bezrukavnikov/Documents/prog/5lab/shared_file1.txt' (Error: File not modified since)
    at Pnt.F (vscode-file://vscode-app/usr/share/code/resources/app/out/vs/workbench/workbench.desktop.main.js:3088:69610)
    at Pnt.D (vscode-file://vscode-app/usr/share/code/resources/app/out/vs/workbench/workbench.desktop.main.js:3088:69519)
    at async Gnt.M (vscode-file://vscode-app/usr/share/code/resources/app/out/vs/workbench/workbench.desktop.main.js:3089:9119)
    at async Gnt.readStream (vscode-file://vscode-app/usr/share/code/resources/app/out/vs/workbench/workbench.desktop.main.js:3089:8894)
    at async Pde.Db (vscode-file://vscode-app/usr/share/code/resources/app/out/vs/workbench/workbench.desktop.main.js:1275:11960)
    at async Pde.resolve (vscode-file://vscode-app/usr/share/code/resources/app/out/vs/workbench/workbench.desktop.main.js:1275:10435)
    at async vscode-file://vscode-app/usr/share/code/resources/app/out/vs/workbench/workbench.desktop.main.js:3089:5479
2025-05-19 12:18:06.876 [error] [network] #32: https://az764295.vo.msecnd.net/extensions/chat.json - error GET Failed to fetch
2025-05-19 12:18:06.941 [warning] Failed to fetch chat participant registry Failed to fetch
2025-05-19 17:37:04.736 [error] [network] #33: https://az764295.vo.msecnd.net/extensions/chat.json - error GET Failed to fetch
2025-05-19 17:37:04.804 [warning] Failed to fetch chat participant registry Failed to fetch
2025-05-19 17:42:06.249 [error] [network] #34: https://az764295.vo.msecnd.net/extensions/chat.json - error GET Failed to fetch
2025-05-19 17:42:06.287 [warning] Failed to fetch chat participant registry Failed to fetch
2025-05-19 17:47:07.710 [error] [network] #35: https://az764295.vo.msecnd.net/extensions/chat.json - error GET Failed to fetch
2025-05-19 17:47:07.734 [warning] Failed to fetch chat participant registry Failed to fetch
2025-05-19 17:52:09.273 [error] [network] #36: https://az764295.vo.msecnd.net/extensions/chat.json - error GET Failed to fetch
2025-05-19 17:52:09.296 [warning] Failed to fetch chat participant registry Failed to fetch
2025-05-19 17:57:11.197 [error] [network] #37: https://az764295.vo.msecnd.net/extensions/chat.json - error GET Failed to fetch
2025-05-19 17:57:11.229 [warning] Failed to fetch chat participant registry Failed to fetch
2025-05-19 18:02:12.960 [error] [network] #38: https://az764295.vo.msecnd.net/extensions/chat.json - error GET Failed to fetch
2025-05-19 18:02:12.984 [warning] Failed to fetch chat participant registry Failed to fetch
2025-05-19 18:07:14.517 [error] [network] #39: https://az764295.vo.msecnd.net/extensions/chat.json - error GET Failed to fetch
2025-05-19 18:07:14.550 [warning] Failed to fetch chat participant registry Failed to fetch
2025-05-19 18:12:16.134 [error] [network] #40: https://az764295.vo.msecnd.net/extensions/chat.json - error GET Failed to fetch
2025-05-19 18:12:16.163 [warning] Failed to fetch chat participant registry Failed to fetch
2025-05-19 18:17:17.901 [error] [network] #41: https://az764295.vo.msecnd.net/extensions/chat.json - error GET Failed to fetch
2025-05-19 18:17:17.924 [warning] Failed to fetch chat participant registry Failed to fetch
2025-05-19 18:22:20.168 [error] [network] #42: https://az764295.vo.msecnd.net/extensions/chat.json - error GET Failed to fetch
2025-05-19 18:22:20.191 [warning] Failed to fetch chat participant registry Failed to fetch
2025-05-19 18:27:22.441 [error] [network] #43: https://az764295.vo.msecnd.net/extensions/chat.json - error GET Failed to fetch
2025-05-19 18:27:22.464 [warning] Failed to fetch chat participant registry Failed to fetch
2025-05-19 18:32:24.788 [error] [network] #44: https://az764295.vo.msecnd.net/extensions/chat.json - error GET Failed to fetch
2025-05-19 18:32:24.811 [warning] Failed to fetch chat participant registry Failed to fetch
2025-05-19 18:37:27.375 [error] [network] #45: https://az764295.vo.msecnd.net/extensions/chat.json - error GET Failed to fetch
2025-05-19 18:37:27.399 [warning] Failed to fetch chat participant registry Failed to fetch
2025-05-19 18:42:29.844 [error] [network] #46: https://az764295.vo.msecnd.net/extensions/chat.json - error GET Failed to fetch
2025-05-19 18:42:29.876 [warning] Failed to fetch chat participant registry Failed to fetch
2025-05-19 18:47:32.440 [error] [network] #47: https://az764295.vo.msecnd.net/extensions/chat.json - error GET Failed to fetch
2025-05-19 18:47:32.472 [warning] Failed to fetch chat participant registry Failed to fetch
2025-05-19 18:52:34.844 [error] [network] #48: https://az764295.vo.msecnd.net/extensions/chat.json - error GET Failed to fetch
2025-05-19 18:52:34.868 [warning] Failed to fetch chat participant registry Failed to fetch
2025-05-19 19:44:39.839 [error] [network] #49: https://az764295.vo.msecnd.net/extensions/chat.json - error GET Failed to fetch
2025-05-19 19:44:39.867 [warning] Failed to fetch chat participant registry Failed to fetch
2025-05-19 19:49:42.413 [error] [network] #50: https://az764295.vo.msecnd.net/extensions/chat.json - error GET Failed to fetch
2025-05-19 19:49:42.437 [warning] Failed to fetch chat participant registry Failed to fetch
2025-05-19 19:54:45.000 [error] [network] #51: https://az764295.vo.msecnd.net/extensions/chat.json - error GET Failed to fetch
2025-05-19 19:54:45.025 [warning] Failed to fetch chat participant registry Failed to fetch
2025-05-19 19:59:47.262 [error] [network] #52: https://az764295.vo.msecnd.net/extensions/chat.json - error GET Failed to fetch
2025-05-19 19:59:47.284 [warning] Failed to fetch chat participant registry Failed to fetch
2025-05-19 20:04:49.270 [error] [network] #53: https://az764295.vo.msecnd.net/extensions/chat.json - error GET Failed to fetch
2025-05-19 20:04:49.293 [warning] Failed to fetch chat participant registry Failed to fetch
2025-05-19 20:09:51.576 [error] [network] #54: https://az764295.vo.msecnd.net/extensions/chat.json - error GET Failed to fetch
2025-05-19 20:09:51.598 [warning] Failed to fetch chat participant registry Failed to fetch
2025-05-19 20:14:53.996 [error] [network] #55: https://az764295.vo.msecnd.net/extensions/chat.json - error GET Failed to fetch
2025-05-19 20:14:54.024 [warning] Failed to fetch chat participant registry Failed to fetch
2025-05-19 20:19:54.235 [error] [network] #56: https://az764295.vo.msecnd.net/extensions/chat.json - error GET Failed to fetch
2025-05-19 20:19:54.284 [warning] Failed to fetch chat participant registry Failed to fetch
2025-05-19 20:24:56.493 [error] [network] #57: https://az764295.vo.msecnd.net/extensions/chat.json - error GET Failed to fetch
2025-05-19 20:24:56.521 [warning] Failed to fetch chat participant registry Failed to fetch
2025-05-19 20:29:59.131 [error] [network] #58: https://az764295.vo.msecnd.net/extensions/chat.json - error GET Failed to fetch
2025-05-19 20:29:59.158 [warning] Failed to fetch chat participant registry Failed to fetch
2025-05-19 20:35:01.787 [error] [network] #59: https://az764295.vo.msecnd.net/extensions/chat.json - error GET Failed to fetch
2025-05-19 20:35:01.825 [warning] Failed to fetch chat participant registry Failed to fetch
2025-05-19 20:40:03.981 [error] [network] #60: https://az764295.vo.msecnd.net/extensions/chat.json - error GET Failed to fetch
2025-05-19 20:40:04.004 [warning] Failed to fetch chat participant registry Failed to fetch
2025-05-19 20:45:06.480 [error] [network] #61: https://az764295.vo.msecnd.net/extensions/chat.json - error GET Failed to fetch
2025-05-19 20:45:06.509 [warning] Failed to fetch chat participant registry Failed to fetch
2025-05-19 20:50:08.208 [error] [network] #62: https://az764295.vo.msecnd.net/extensions/chat.json - error GET Failed to fetch
2025-05-19 20:50:08.230 [warning] Failed to fetch chat participant registry Failed to fetch
2025-05-19 20:55:10.131 [error] [network] #63: https://az764295.vo.msecnd.net/extensions/chat.json - error GET Failed to fetch
2025-05-19 20:55:10.157 [warning] Failed to fetch chat participant registry Failed to fetch
2025-05-19 21:00:12.687 [error] [network] #64: https://az764295.vo.msecnd.net/extensions/chat.json - error GET Failed to fetch
2025-05-19 21:00:12.712 [warning] Failed to fetch chat participant registry Failed to fetch
2025-05-19 21:05:15.040 [error] [network] #65: https://az764295.vo.msecnd.net/extensions/chat.json - error GET Failed to fetch
2025-05-19 21:05:15.063 [warning] Failed to fetch chat participant registry Failed to fetch
2025-05-19 21:10:17.245 [error] [network] #66: https://az764295.vo.msecnd.net/extensions/chat.json - error GET Failed to fetch
2025-05-19 21:10:17.272 [warning] Failed to fetch chat participant registry Failed to fetch
2025-05-19 21:15:19.340 [error] [network] #67: https://az764295.vo.msecnd.net/extensions/chat.json - error GET Failed to fetch
2025-05-19 21:15:19.363 [warning] Failed to fetch chat participant registry Failed to fetch
2025-05-19 21:20:21.516 [error] [network] #68: https://az764295.vo.msecnd.net/extensions/chat.json - error GET Failed to fetch
2025-05-19 21:20:21.538 [warning] Failed to fetch chat participant registry Failed to fetch
2025-05-19 21:25:23.634 [error] [network] #69: https://az764295.vo.msecnd.net/extensions/chat.json - error GET Failed to fetch
2025-05-19 21:25:23.656 [warning] Failed to fetch chat participant registry Failed to fetch
2025-05-19 21:30:29.325 [error] [network] #70: https://az764295.vo.msecnd.net/extensions/chat.json - error GET Failed to fetch
2025-05-19 21:30:29.356 [warning] Failed to fetch chat participant registry Failed to fetch
