2025-04-12 22:02:19.622 [info] Added views:outline in workbench.view.explorer
2025-04-12 22:02:19.622 [info] Added views:workbench.view.search in workbench.view.search
2025-04-12 22:02:19.622 [info] Added views:workbench.scm in workbench.view.scm
2025-04-12 22:02:19.622 [info] Added views:workbench.panel.markers.view in workbench.panel.markers
2025-04-12 22:02:19.622 [info] Added views:workbench.panel.output in workbench.panel.output
2025-04-12 22:02:19.622 [info] Added views:terminal in terminal
2025-04-12 22:02:19.622 [info] Added views:timeline in workbench.view.explorer
2025-04-12 22:02:19.622 [info] Added views:workbench.explorer.fileView in workbench.view.explorer
2025-04-12 22:02:20.483 [info] Added views:workbench.debug.welcome in workbench.view.debug
2025-04-12 22:02:22.658 [info] Added views:workbench.panel.repl.view in workbench.panel.repl
2025-04-12 22:02:24.691 [info] Added views:~remote.forwardedPorts in ~remote.forwardedPortsContainer
2025-05-02 17:54:02.221 [info] Added views:outline in workbench.view.explorer
2025-05-02 17:54:02.222 [info] Added views:workbench.view.search in workbench.view.search
2025-05-02 17:54:02.222 [info] Added views:workbench.scm in workbench.view.scm
2025-05-02 17:54:02.222 [info] Added views:workbench.panel.markers.view in workbench.panel.markers
2025-05-02 17:54:02.222 [info] Added views:workbench.panel.output in workbench.panel.output
2025-05-02 17:54:02.222 [info] Added views:terminal in terminal
2025-05-02 17:54:02.222 [info] Added views:timeline in workbench.view.explorer
2025-05-02 17:54:02.222 [info] Added views:workbench.explorer.fileView in workbench.view.explorer
2025-05-02 17:54:03.190 [info] Added views:workbench.debug.variablesView,workbench.debug.watchExpressionsView,workbench.debug.callStackView,workbench.debug.breakPointsView in workbench.view.debug
2025-05-02 17:54:03.565 [info] Added views:workbench.panel.repl.view in workbench.panel.repl
2025-05-02 17:54:03.568 [info] Removed views:workbench.debug.breakPointsView,workbench.debug.callStackView,workbench.debug.watchExpressionsView,workbench.debug.variablesView from workbench.view.debug
2025-05-02 17:54:03.569 [info] Added views:workbench.debug.welcome in workbench.view.debug
2025-05-02 17:54:03.703 [info] Added views:~remote.forwardedPorts in ~remote.forwardedPortsContainer
2025-05-02 18:19:14.969 [info] Added views:workbench.debug.breakPointsView in workbench.view.debug
2025-05-19 08:41:01.663 [info] Added views:outline in workbench.view.explorer
2025-05-19 08:41:01.663 [info] Added views:workbench.view.search in workbench.view.search
2025-05-19 08:41:01.663 [info] Added views:workbench.scm in workbench.view.scm
2025-05-19 08:41:01.663 [info] Added views:workbench.panel.markers.view in workbench.panel.markers
2025-05-19 08:41:01.663 [info] Added views:workbench.panel.output in workbench.panel.output
2025-05-19 08:41:01.663 [info] Added views:terminal in terminal
2025-05-19 08:41:01.663 [info] Added views:timeline in workbench.view.explorer
2025-05-19 08:41:01.663 [info] Added views:workbench.explorer.fileView in workbench.view.explorer
2025-05-19 08:41:02.339 [info] Added views:workbench.debug.variablesView,workbench.debug.watchExpressionsView,workbench.debug.callStackView,workbench.debug.breakPointsView in workbench.view.debug
2025-05-19 08:41:02.952 [info] Added views:workbench.panel.repl.view in workbench.panel.repl
2025-05-19 08:41:02.954 [info] Removed views:workbench.debug.breakPointsView,workbench.debug.callStackView,workbench.debug.watchExpressionsView,workbench.debug.variablesView from workbench.view.debug
2025-05-19 08:41:02.954 [info] Added views:workbench.debug.welcome in workbench.view.debug
2025-05-19 08:41:03.062 [info] Added views:~remote.forwardedPorts in ~remote.forwardedPortsContainer
